Arguments: 
  /Users/soma/.nvm/versions/node/v16.16.0/bin/node /Users/soma/.nvm/versions/node/v16.16.0/bin/yarn init

PATH: 
  /Users/soma/google-cloud-sdk/bin:/Users/soma/Library/pnpm:/opt/homebrew/opt/php@7.4/sbin:/opt/homebrew/opt/php@7.4/bin:/Users/soma/.nvm/versions/node/v16.16.0/bin:/opt/homebrew/bin:/opt/homebrew/sbin:/usr/local/bin:/System/Cryptexes/App/usr/bin:/usr/bin:/bin:/usr/sbin:/sbin:/usr/local/go/bin:~/.dotnet/tools:/Users/soma/.cargo/bin:/Users/soma/.fig/bin:/Users/soma/.local/bin:/Users/soma/.foundry/bin:/Users/soma/bin:/Users/soma/gocode/bin

Yarn version: 
  1.22.19

Node version: 
  16.16.0

Platform: 
  darwin x64

Trace: 
  Error: canceled
      at Interface.<anonymous> (/Users/soma/.nvm/versions/node/v16.16.0/lib/node_modules/yarn/lib/cli.js:137150:13)
      at Interface.emit (node:events:527:28)
      at Interface._ttyWrite (node:readline:1081:16)
      at ReadStream.onkeypress (node:readline:288:10)
      at ReadStream.emit (node:events:527:28)
      at emitKeys (node:internal/readline/utils:358:14)
      at emitKeys.next (<anonymous>)
      at ReadStream.onData (node:internal/readline/emitKeypressEvents:61:36)
      at ReadStream.emit (node:events:527:28)
      at addChunk (node:internal/streams/readable:315:12)

npm manifest: 
  No manifest

yarn manifest: 
  No manifest

Lockfile: 
  No lockfile
